Arguments: 
  C:\Program Files\nodejs\node.exe D:\bin\yarn.js add qweather-icon

PATH: 
  C:\Program Files\Git\mingw64\bin;C:\Program Files\Git\usr\bin;C:\Users\Administrator\bin;C:\Users\Administrator\Desktop\wearther\node_modules\.bin;C:\windows\system32;C:\windows;C:\windows\System32\Wbem;C:\windows\System32\WindowsPowerShell\v1.0;C:\windows\System32\OpenSSH;D:\bin;C:\Program Files\TortoiseSVN\bin;C:\Program Files (x86)\NVIDIA Corporation\PhysX\Common;C:\Program Files\NVIDIA Corporation\NVIDIA NvDLISR;C:\Program Files\Git\cmd;C:\Program Files\Bandizip;D:\微信web开发者工具\dll;C:\Program Files\dotnet;D:\nvm;C:\Program Files\nodejs;C:\Users\Administrator\AppData\Local\Microsoft\WindowsApps;D:\Microsoft VS Code\bin;C:\Users\Administrator\AppData\Local\Yarn\bin;D:\nvm;C:\Program Files\nodejs

Yarn version: 
  1.22.5

Node version: 
  12.18.4

Platform: 
  win32 x64

Trace: 
  Error: http://registry.npm.taobao.org/qweather-icon: [NOT_FOUND] qweather-icon not found
      at Request.params.callback [as _callback] (D:\lib\cli.js:66097:18)
      at Request.self.callback (D:\lib\cli.js:140749:22)
      at Request.emit (events.js:315:20)
      at Request.<anonymous> (D:\lib\cli.js:141721:10)
      at Request.emit (events.js:315:20)
      at Gunzip.<anonymous> (D:\lib\cli.js:141643:12)
      at Object.onceWrapper (events.js:421:28)
      at Gunzip.emit (events.js:327:22)
      at endReadableNT (_stream_readable.js:1220:12)
      at processTicksAndRejections (internal/process/task_queues.js:84:21)

npm manifest: 
  {
    "name": "auto-send-email",
    "version": "1.0.0",
    "description": "定时任务 自动发邮件",
    "main": "index.js",
    "scripts": {
      "server": "node index.js"
    },
    "author": "ccy",
    "dependencies": {
      "dayjs": "1.10.7",
      "node-fetch": "2.6.1",
      "nodemailer": "6.6.3"
    }
  }

yarn manifest: 
  No manifest

Lockfile: 
  # THIS IS AN AUTOGENERATED FILE. DO NOT EDIT THIS FILE DIRECTLY.
  # yarn lockfile v1
  
  
  dayjs@1.10.7:
    version "1.10.7"
    resolved "https://registry.npmmirror.com/dayjs/-/dayjs-1.10.7.tgz#2cf5f91add28116748440866a0a1d26f3a6ce468"
    integrity sha512-P6twpd70BcPK34K26uJ1KT3wlhpuOAPoMwJzpsIWUxHZ7wpmbdZL/hQqBDfz7hGurYSa5PhzdhDHtt319hL3ig==
  
  node-fetch@2.6.1:
    version "2.6.1"
    resolved "https://registry.npmmirror.com/node-fetch/-/node-fetch-2.6.1.tgz#045bd323631f76ed2e2b55573394416b639a0052"
    integrity sha512-V4aYg89jEoVRxRb2fJdAg8FHvI7cEyYdVAh94HH0UIK8oJxUfkjlDQN9RbMx+bEjP7+ggMiFRprSti032Oipxw==
  
  nodemailer@6.6.3:
    version "6.6.3"
    resolved "https://registry.npmmirror.com/nodemailer/-/nodemailer-6.6.3.tgz#31fb53dd4d8ae16fc088a65cb9ffa8d928a69b48"
    integrity sha512-faZFufgTMrphYoDjvyVpbpJcYzwyFnbAMmQtj1lVBYAUSm3SOy2fIdd9+Mr4UxPosBa0JRw9bJoIwQn+nswiew==
